<html>
<body>
<pre>
<h1>µVision Build Log</h1>
<h2>Project:</h2>
E:\01 Tx controller\software\MDK-ARM\PWR_SOFT_ADVANCE.uvprojx
Project File Date:  05/30/2019

<h2>Output:</h2>
Build target 'PWR_SOFT_ADVANCE'
compiling user_uart.c...
linking...
Program Size: Code=9392 RO-data=360 RW-data=20 ZI-data=1596  
FromELF: creating hex file...
".\PWR_SOFT_ADVANCE\PWR_SOFT_ADVANCE.axf" - 0 Error(s), 0 Warning(s).

<h2>Software Packages used:</h2>

Package Vendor: ARM
                http://www.keil.com/pack/ARM.CMSIS.4.1.0.pack
                ARM::CMSIS:CORE:3.30.0
                CMSIS (Cortex Microcontroller Software Interface Standard)
   * Component: CORE Version: 3.30.0

<h2>Collection of Component include folders:</h2>
  E:\01 Tx controller\software\MDK-ARM\RTE
  d:\Keil_v5\ARM\PACK\ARM\CMSIS\4.1.0\CMSIS\Include

<h2>Collection of Component Files used:</h2>

   * Component: ARM::CMSIS:CORE:3.30.0
      Source file:   CMSIS\UserCodeTemplates\ARM\ITM_Retarget.c
Load "E:\\01 Tx controller\\software\\MDK-ARM\\PWR_SOFT_ADVANCE\\PWR_SOFT_ADVANCE.axf" 
Set JLink Project File to "E:\01 Tx controller\software\MDK-ARM\JLinkSettings.ini"
* JLink Info: Device "STM32F103RC" selected (256 KB flash, 48 KB RAM).
 
JLink info:
------------
DLL: V4.80g, compiled Feb 13 2014 20:50:02
Firmware: J-Link OB-STM32F072-CortexM compiled Mar  8 2020 11:15:54
Hardware: V1.00
Feature(s) : GDB, RDI, FlashBP, FlashDL, JFlash, RDDI 
 
* JLink Info: Found SWD-DP with ID 0x1BA01477
* JLink Info: Found SWD-DP with ID 0x1BA01477
* JLink Info: Found Cortex-M3 r1p1, Little endian.
* JLink Info: FPUnit: 6 code (BP) slots and 2 literal slots
* JLink Info: TPIU fitted.
* JLink Info: ETM fitted.
ROMTableAddr = 0xE00FF003
 
Target info:
------------
Device: STM32F103RC
VTarget = 3.300V
State of Pins: 
TCK: 0, TDI: 0, TDO: 1, TMS: 1, TRES: 1, TRST: 1
Hardware-Breakpoints: 6
Software-Breakpoints: 8192
Watchpoints:          4
JTAG speed: 2000 kHz
 
Erase Done.
Programming Done.
Verify OK.
</pre>
</body>
</html>
SIS\Include

<h2>Collection of Component Files used:</h2>

   * Component: ARM::CMSIS:CORE:3.30.0
      Source file:   CMSIS\UserCodeTemplates\ARM\ITM_Retarget.c
Target not created
t image symbols.
Not enough information to list the image map.
Finished: 2 information, 0 warning and 10 error messages.
".\PWR_SOFT_ADVANCE\PWR_SOFT_ADVANCE.axf" - 10 Error(s), 0 Warning(s).

<h2>Software Packages used:</h2>

Package Vendor: ARM
                http://www.keil.com/pack/ARM.CMSIS.4.1.0.pack
                ARM::CMSIS:CORE:3.30.0
                CMSIS (Cortex Microcontroller Software Interface Standard)
   * Component: CORE Version: 3.30.0

<h2>Collection of Component include folders:</h2>
  E:\01 Tx controller\software\MDK-ARM\RTE
  d:\Keil_v5\ARM\PACK\ARM\CMSIS\4.1.0\CMSIS\Include

<h2>Collection of Component Files used:</h2>

   * Component: ARM::CMSIS:CORE:3.30.0
      Source file:   CMSIS\UserCodeTemplates\ARM\ITM_Retarget.c
Target not created
M8_Init(void)
user_app.c(324): warning:  #177-D: function "MX_TIM3_Init" was declared but never referenced
  static void MX_TIM3_Init(void)
user_app.c: 11 warnings, 0 errors
".\PWR_SOFT_ADVANCE\PWR_SOFT_ADVANCE.axf" - 11 Error(s), 11 Warning(s).

<h2>Software Packages used:</h2>

Package Vendor: ARM
                http://www.keil.com/pack/ARM.CMSIS.4.1.0.pack
                ARM::CMSIS:CORE:3.30.0
                CMSIS (Cortex Microcontroller Software Interface Standard)
   * Component: CORE Version: 3.30.0

<h2>Collection of Component include folders:</h2>
  E:\01 Tx controller\software\MDK-ARM\RTE
  d:\Keil_v5\ARM\PACK\ARM\CMSIS\4.1.0\CMSIS\Include

<h2>Collection of Component Files used:</h2>

   * Component: ARM::CMSIS:CORE:3.30.0
      Source file:   CMSIS\UserCodeTemplates\ARM\ITM_Retarget.c
Target not created
M::CMSIS:CORE:3.30.0
      Source file:   CMSIS\UserCodeTemplates\ARM\ITM_Retarget.c
Target not created
user_app.c(30): error:  #20: identifier "RCC_CLOCKTYPE_PCLK2" is undefined
                                |RCC_CLOCKTYPE_PCLK1|RCC_CLOCKTYPE_PCLK2;
user_app.c(31): error:  #20: identifier "RCC_SYSCLKSOURCE_PLLCLK" is undefined
    RCC_ClkInitStruct.SYSCLKSource = RCC_SYSCLKSOURCE_PLLCLK;
user_app.c(32): error:  #20: identifier "RCC_SYSCLK_DIV1" is undefined
    RCC_ClkInitStruct.AHBCLKDivider = RCC_SYSCLK_DIV1;
user_app.c(33): error:  #20: identifier "RCC_HCLK_DIV2" is undefined
    RCC_ClkInitStruct.APB1CLKDivider = RCC_HCLK_DIV2;
user_app.c(34): error:  #20: identifier "RCC_HCLK_DIV1" is undefined
    RCC_ClkInitStruct.APB2CLKDivider = RCC_HCLK_DIV1;
user_app.c(36): warning:  #223-D: function "HAL_RCC_ClockConfig" declared implicitly
    if (HAL_RCC_ClockConfig(&RCC_ClkInitStruct, FLASH_LATENCY_2) != HAL_OK)
user_app.c(36): error:  #20: identifier "FLASH_LATENCY_2" is undefined
    if (HAL_RCC_ClockConfig(&RCC_ClkInitStruct, FLASH_LATENCY_2) != HAL_OK)
user_app.c(36): error:  #20: identifier "HAL_OK" is undefined
    if (HAL_RCC_ClockConfig(&RCC_ClkInitStruct, FLASH_LATENCY_2) != HAL_OK)
user_app.c(38): warning:  #223-D: function "Error_Handler" declared implicitly
      Error_Handler();
user_app.c(40): error:  #20: identifier "RCC_PERIPHCLK_ADC" is undefined
    PeriphClkInit.PeriphClockSelection = RCC_PERIPHCLK_ADC;
user_app.c(41): error:  #20: identifier "RCC_ADCPCLK2_DIV6" is undefined
    PeriphClkInit.AdcClockSelection = RCC_ADCPCLK2_DIV6;
user_app.c(42): warning:  #223-D: function "HAL_RCCEx_PeriphCLKConfig" declared implicitly
    if (HAL_RCCEx_PeriphCLKConfig(&PeriphClkInit) != HAL_OK)
user_app.c(42): error:  #20: identifier "HAL_OK" is undefined
    if (HAL_RCCEx_PeriphCLKConfig(&PeriphClkInit) != HAL_OK)
user_app.c(44): warning:  #223-D: function "Error_Handler" declared implicitly
      Error_Handler();
user_app.c(60): error:  #20: identifier "ADC_ChannelConfTypeDef" is undefined
    ADC_ChannelConfTypeDef sConfig = {0};
user_app.c(67): error:  #20: identifier "hadc1" is undefined
    hadc1.Instance = ADC1;
user_app.c(67): error:  #20: identifier "ADC1" is undefined
    hadc1.Instance = ADC1;
user_app.c(68): error:  #20: identifier "ADC_SCAN_DISABLE" is undefined
    hadc1.Init.ScanConvMode = ADC_SCAN_DISABLE;
user_app.c(69): error:  #20: identifier "DISABLE" is undefined
    hadc1.Init.ContinuousConvMode = DISABLE;
user_app.c(71): error:  #20: identifier "ADC_SOFTWARE_START" is undefined
    hadc1.Init.ExternalTrigConv = ADC_SOFTWARE_START;
user_app.c: 6 warnings, 30 errors
compiling stm32f1xx_hal_gpio_ex.c...
compiling stm32f1xx_hal_adc.c...
compiling stm32f1xx_hal_adc_ex.c...
compiling stm32f1xx_hal_dac.c...
compiling stm32f1xx_hal_dac_ex.c...
compiling stm32f1xx_hal_i2c.c...
compiling stm32f1xx_hal_tim.c...
".\PWR_SOFT_ADVANCE\PWR_SOFT_ADVANCE.axf" - 41 Error(s), 6 Warning(s).

<h2>Software Packages used:</h2>

Package Vendor: ARM
                http://www.keil.com/pack/ARM.CMSIS.4.1.0.pack
                ARM::CMSIS:CORE:3.30.0
                CMSIS (Cortex Microcontroller Software Interface Standard)
   * Component: CORE Version: 3.30.0

<h2>Collection of Component include folders:</h2>
  E:\01 Tx controller\software\MDK-ARM\RTE
  d:\Keil_v5\ARM\PACK\ARM\CMSIS\4.1.0\CMSIS\Include

<h2>Collection of Component Files used:</h2>

   * Component: ARM::CMSIS:CORE:3.30.0
      Source file:   CMSIS\UserCodeTemplates\ARM\ITM_Retarget.c
Project build/rebuild aborted.
